<?xml version="1.0" encoding="UTF-8"?>
<testng-results skipped="0" failed="0" total="1" passed="1">
  <reporter-output>
  </reporter-output>
  <suite name="Default suite" duration-ms="38306" started-at="2018-09-10T17:56:36Z" finished-at="2018-09-10T17:57:15Z">
    <groups>
    </groups>
    <test name="Default test" duration-ms="38306" started-at="2018-09-10T17:56:36Z" finished-at="2018-09-10T17:57:15Z">
      <class name="test.Cases.OneWaySearch">
        <test-method status="PASS" signature="StartApp()[pri:0, instance:test.Cases.OneWaySearch@4cc0edeb]" name="StartApp" is-config="true" duration-ms="24440" started-at="2018-09-10T19:56:36Z" finished-at="2018-09-10T19:57:01Z">
          <reporter-output>
          </reporter-output>
        </test-method> <!-- StartApp -->
        <test-method status="PASS" signature="Search()[pri:0, instance:test.Cases.OneWaySearch@4cc0edeb]" name="Search" duration-ms="13822" started-at="2018-09-10T19:57:01Z" finished-at="2018-09-10T19:57:15Z">
          <reporter-output>
          </reporter-output>
        </test-method> <!-- Search -->
        <test-method status="PASS" signature="TearDown()[pri:0, instance:test.Cases.OneWaySearch@4cc0edeb]" name="TearDown" is-config="true" duration-ms="23" started-at="2018-09-10T19:57:15Z" finished-at="2018-09-10T19:57:15Z">
          <reporter-output>
          </reporter-output>
        </test-method> <!-- TearDown -->
      </class> <!-- test.Cases.OneWaySearch -->
    </test> <!-- Default test -->
  </suite> <!-- Default suite -->
</testng-results>
